<?xml version="1.0" encoding="UTF-8"?>
<testsuite xmlns:xsi="http://www.w3.org/2001/XMLSchema-instance" xsi:noNamespaceSchemaLocation="https://maven.apache.org/surefire/maven-surefire-plugin/xsd/surefire-test-report.xsd" version="3.0.2" name="org.metalib.wiser.api.javapoet.TypeRefInfoTest$BasicTypeTests" time="0.003" tests="3" errors="0" skipped="0" failures="0">
  <properties>
[...]
</properties>
  <testcase name="shouldParseArrayType" classname="org.metalib.wiser.api.javapoet.TypeRefInfoTest$BasicTypeTests" time="0.0"/>
  <testcase name="shouldParsePrimitiveType" classname="org.metalib.wiser.api.javapoet.TypeRefInfoTest$BasicTypeTests" time="0.001"/>
  <testcase name="shouldHandleNullAndEmptyTypes" classname="org.metalib.wiser.api.javapoet.TypeRefInfoTest$BasicTypeTests" time="0.0"/>
</testsuite>